<?xml version="1.0" encoding="UTF-8"?>
<testng-results ignored="0" total="1" passed="1" failed="0" skipped="0">
  <reporter-output>
  </reporter-output>
  <suite started-at="2025-03-12T20:25:57 IST" name="Default suite" finished-at="2025-03-12T20:26:16 IST" duration-ms="18959">
    <groups>
    </groups>
    <test started-at="2025-03-12T20:25:57 IST" name="Default test" finished-at="2025-03-12T20:26:16 IST" duration-ms="18959">
      <class name="testCases.LoginTest">
        <test-method is-config="true" signature="setup()[pri:0, instance:testCases.LoginTest@7d20d0b]" started-at="2025-03-12T20:25:57 IST" name="setup" finished-at="2025-03-12T20:26:11 IST" duration-ms="13693" status="PASS">
          <reporter-output>
          </reporter-output>
        </test-method> <!-- setup -->
        <test-method signature="testlogin()[pri:0, instance:testCases.LoginTest@7d20d0b]" started-at="2025-03-12T20:26:11 IST" name="testlogin" finished-at="2025-03-12T20:26:16 IST" duration-ms="4981" status="PASS">
          <reporter-output>
          </reporter-output>
        </test-method> <!-- testlogin -->
        <test-method is-config="true" signature="teardown()[pri:0, instance:testCases.LoginTest@7d20d0b]" started-at="2025-03-12T20:26:16 IST" name="teardown" finished-at="2025-03-12T20:26:16 IST" duration-ms="242" status="PASS">
          <reporter-output>
          </reporter-output>
        </test-method> <!-- teardown -->
      </class> <!-- testCases.LoginTest -->
    </test> <!-- Default test -->
  </suite> <!-- Default suite -->
</testng-results>
